<?xml version="1.0" encoding="UTF-8"?>
<!-- Generated by org.testng.reporters.JUnitReportReporter -->
<testsuite skipped="0" hostname="VIJAY-123" name="TestScripts.DDT_practiceTest" tests="1" failures="0" timestamp="2023-01-31T19:50:42 IST" time="0.871" errors="0">
  <testcase name="test" time="0.871" classname="TestScripts.DDT_practiceTest"/>
  <system-out/>
</testsuite> <!-- TestScripts.DDT_practiceTest -->
