<?xml version="1.0" encoding="UTF-8"?>
<!-- Generated by org.testng.reporters.JUnitReportReporter -->
<testsuite skipped="0" hostname="VIJAY-123" name="TestScripts.TestScriptDDT" tests="3" failures="0" timestamp="2023-01-31T12:46:51 IST" time="28.629" errors="0">
  <testcase name="test" time="9.325" classname="TestScripts.TestScriptDDT"/>
  <system-out/>
  <testcase name="test" time="9.527" classname="TestScripts.TestScriptDDT"/>
  <system-out/>
  <testcase name="test" time="9.777" classname="TestScripts.TestScriptDDT"/>
  <system-out/>
</testsuite> <!-- TestScripts.TestScriptDDT -->
