<?xml version="1.0" encoding="UTF-8"?>
<!-- Generated by org.testng.reporters.JUnitReportReporter -->
<testsuite skipped="0" hostname="VIJAY-123" name="TestScripts.DDT_practice" tests="1" failures="0" timestamp="2023-01-31T10:24:58 IST" time="1.092" errors="0">
  <testcase name="test1" time="1.092" classname="TestScripts.DDT_practice"/>
  <system-out/>
</testsuite> <!-- TestScripts.DDT_practice -->
