<?xml version="1.0" encoding="UTF-8"?>
<!-- Generated by org.testng.reporters.JUnitReportReporter -->
<testsuite skipped="0" hostname="VIJAY-123" name="TestScripts.HDpop_up" tests="1" failures="0" timestamp="2023-02-02T10:16:17 IST" time="11.624" errors="0">
  <testcase name="test" time="11.624" classname="TestScripts.HDpop_up"/>
  <system-out/>
</testsuite> <!-- TestScripts.HDpop_up -->
