<?xml version="1.0" encoding="UTF-8"?>
<!-- Generated by org.testng.reporters.JUnitReportReporter -->
<testsuite skipped="0" hostname="VIJAY-123" name="TestScripts.TestScriptDDTTest" tests="3" failures="0" timestamp="2023-02-01T09:55:10 IST" time="37.991" errors="0">
  <testcase name="test" time="12.659" classname="TestScripts.TestScriptDDTTest"/>
  <system-out/>
  <testcase name="test" time="12.643" classname="TestScripts.TestScriptDDTTest"/>
  <system-out/>
  <testcase name="test" time="12.689" classname="TestScripts.TestScriptDDTTest"/>
  <system-out/>
</testsuite> <!-- TestScripts.TestScriptDDTTest -->
