<?xml version="1.0" encoding="UTF-8"?>
<!-- Generated by org.testng.reporters.JUnitReportReporter -->
<testsuite skipped="0" hostname="VIJAY-123" name="TestScripts.DDts" tests="1" failures="0" timestamp="2023-01-31T10:13:22 IST" time="0.874" errors="0">
  <testcase name="test" time="0.874" classname="TestScripts.DDts"/>
  <system-out/>
</testsuite> <!-- TestScripts.DDts -->
