<?xml version="1.0" encoding="UTF-8"?>
<!-- Generated by org.testng.reporters.JUnitReportReporter -->
<testsuite skipped="0" hostname="VIJAY-123" name="TestScripts.DDTpdfTest" tests="1" failures="0" timestamp="2023-01-31T19:52:56 IST" time="1.000" errors="0">
  <testcase name="test" time="1.000" classname="TestScripts.DDTpdfTest"/>
  <system-out/>
</testsuite> <!-- TestScripts.DDTpdfTest -->
